c:\users\alumno\desktop\workspace\c++\consolas\ps4_win_sol\win_project\debug\vc141.pdb
c:\users\alumno\desktop\workspace\c++\consolas\ps4_win_sol\win_project\debug\vc141.idb
c:\users\alumno\desktop\workspace\c++\consolas\ps4_win_sol\win_project\debug\shader.obj
c:\users\alumno\desktop\workspace\c++\consolas\ps4_win_sol\win_project\debug\file.obj
c:\users\alumno\desktop\workspace\c++\consolas\ps4_win_sol\win_project\debug\main.obj
c:\users\alumno\desktop\workspace\c++\consolas\ps4_win_sol\win_project\debug\renderer.obj
c:\users\alumno\desktop\workspace\c++\consolas\ps4_win_sol\win_project\debug\texture.obj
c:\users\alumno\desktop\workspace\c++\consolas\ps4_win_sol\win_project\debug\timer.obj
c:\users\alumno\desktop\workspace\c++\consolas\ps4_win_sol\win_project\debug\glew.obj
c:\users\alumno\desktop\workspace\c++\consolas\ps4_win_sol\debug\win_project.exe
c:\users\alumno\desktop\workspace\c++\consolas\ps4_win_sol\debug\win_project.ilk
c:\users\alumno\desktop\workspace\c++\consolas\ps4_win_sol\debug\win_project.pdb
c:\users\alumno\desktop\workspace\c++\consolas\ps4_win_sol\debug\win_project.lib
c:\users\alumno\desktop\workspace\c++\consolas\ps4_win_sol\debug\win_project.exp
c:\users\alumno\desktop\workspace\c++\consolas\ps4_win_sol\win_project\debug\win_project.tlog\cl.command.1.tlog
c:\users\alumno\desktop\workspace\c++\consolas\ps4_win_sol\win_project\debug\win_project.tlog\cl.read.1.tlog
c:\users\alumno\desktop\workspace\c++\consolas\ps4_win_sol\win_project\debug\win_project.tlog\cl.write.1.tlog
c:\users\alumno\desktop\workspace\c++\consolas\ps4_win_sol\win_project\debug\win_project.tlog\link.command.1.tlog
c:\users\alumno\desktop\workspace\c++\consolas\ps4_win_sol\win_project\debug\win_project.tlog\link.read.1.tlog
c:\users\alumno\desktop\workspace\c++\consolas\ps4_win_sol\win_project\debug\win_project.tlog\link.write.1.tlog
c:\users\alumno\desktop\workspace\c++\consolas\ps4_win_sol\win_project\debug\win_project.tlog\win_project.write.1u.tlog
